00:00:01.021742 VirtualBox VM 6.1.14 r140239 linux.amd64 (Sep  7 2020 21:01:30) release log
00:00:01.021744 Log opened 2020-12-09T20:07:50.869773000Z
00:00:01.021744 Build Type: release
00:00:01.021745 OS Product: Linux
00:00:01.021746 OS Release: 5.8.9-arch2-1
00:00:01.021747 OS Version: #1 SMP PREEMPT Sun, 13 Sep 2020 23:44:55 +0000
00:00:01.021762 DMI Product Name: XPS 15 9570
00:00:01.021767 DMI Product Version: 
00:00:01.021770 Firmware type: UEFI
00:00:01.022642 Secure Boot: Disabled
00:00:01.022674 Host RAM: 15648MB (15.2GB) total, 11859MB (11.5GB) available
00:00:01.022676 Executable: /usr/lib/virtualbox/VirtualBoxVM
00:00:01.022676 Process ID: 857719
00:00:01.022677 Package type: LINUX_64BITS_GENERIC (OSE)
00:00:01.036111 Installed Extension Packs:
00:00:01.036167   Oracle VM VirtualBox Extension Pack (Version: 6.1.12 r139181; VRDE Module: VBoxVRDP)
00:00:01.041138 Console: Machine state changed to 'Starting'
00:00:01.041812 Qt version: 5.15.1
00:00:01.041853 X11 Window Manager code: 0
00:00:01.054691 GUI: UIMediumEnumerator: Medium-enumeration finished!
00:00:01.056662 X Server details: vendor: The X.Org Foundation, release: 12009000, protocol version: 11.0, display string: :0
00:00:01.056721 Using XKB for keycode to scan code conversion
00:00:01.056761 SUP: Opened VMMR0.r0 (/usr/lib/virtualbox/VMMR0.r0) at 0xXXXXXXXXXXXXXXXX.
00:00:01.063492 Guest OS type: 'ArchLinux_64'
00:00:01.065655 GUI: UIDesktopWidgetWatchdog::sltHandleHostScreenAvailableGeometryCalculated: Screen 0 work area is actually resized to: 0x0 x 0x0
00:00:01.066102 GUI: UIDesktopWidgetWatchdog::sltHandleHostScreenAvailableGeometryCalculated: Screen 1 work area is actually resized to: 0x0 x 0x0
00:00:01.069214 fHMForced=true - No raw-mode support in this build!
00:00:01.080546 File system of '/home/pandora/Downloads/manjaro-xfce-20.0.3-200606-linux56.iso' (DVD) is ext4
00:00:01.084770 File system of '/home/pandora/Desktop/projects/dialogInsight/VitualMachine/manjaro/Snapshots' (snapshots) is unknown
00:00:01.084798 File system of '/home/pandora/Desktop/projects/dialogInsight/VitualMachine/manjaro/manjaro.vdi' is ext4
00:00:01.096314 Shared Clipboard: Service loaded
00:00:01.096334 Shared Clipboard: Mode: Off
00:00:01.096375 Shared Clipboard: Service running in normal mode
00:00:01.096878 Drag and drop service loaded
00:00:01.096887 Drag and drop mode: Off
00:00:01.098381 ************************* CFGM dump *************************
00:00:01.098382 [/] (level 0)
00:00:01.098386   CpuExecutionCap   <integer> = 0x0000000000000064 (100)
00:00:01.098388   EnablePAE         <integer> = 0x0000000000000000 (0)
00:00:01.098388   HMEnabled         <integer> = 0x0000000000000001 (1)
00:00:01.098389   MemBalloonSize    <integer> = 0x0000000000000000 (0)
00:00:01.098389   Name              <string>  = "manjaro" (cb=8)
00:00:01.098390   NumCPUs           <integer> = 0x0000000000000001 (1)
00:00:01.098390   PageFusionAllowed <integer> = 0x0000000000000000 (0)
00:00:01.098391   RamHoleSize       <integer> = 0x0000000020000000 (536 870 912, 512 MB)
00:00:01.098392   RamSize           <integer> = 0x0000000100000000 (4 294 967 296, 4 096 MB, 4.0 GB)
00:00:01.098393   TimerMillies      <integer> = 0x000000000000000a (10)
00:00:01.098394   UUID              <bytes>   = "56 22 1a 6a 96 8a 90 40 a7 6d e9 43 80 20 48 c5" (cb=16)
00:00:01.098396 
00:00:01.098396 [/CPUM/] (level 1)
00:00:01.098397   GuestCpuName       <string>  = "host" (cb=5)
00:00:01.098397   NestedHWVirt       <integer> = 0x0000000000000000 (0)
00:00:01.098398   PortableCpuIdLevel <integer> = 0x0000000000000000 (0)
00:00:01.098398   SpecCtrl           <integer> = 0x0000000000000000 (0)
00:00:01.098399 
00:00:01.098399 [/CPUM/IsaExts/] (level 2)
00:00:01.098400 
00:00:01.098400 [/DBGC/] (level 1)
00:00:01.098400   GlobalInitScript <string>  = "/home/pandora/.config/VirtualBox/dbgc-init" (cb=43)
00:00:01.098401   HistoryFile      <string>  = "/home/pandora/.config/VirtualBox/dbgc-history" (cb=46)
00:00:01.098401   LocalInitScript  <string>  = "/home/pandora/Desktop/projects/dialogInsight/VitualMachine/manjaro/dbgc-init" (cb=77)
00:00:01.098402 
00:00:01.098402 [/DBGF/] (level 1)
00:00:01.098402   Path <string>  = "/home/pandora/Desktop/projects/dialogInsight/VitualMachine/manjaro/debug/;/home/pandora/Desktop/projects/dialogInsight/VitualMachine/manjaro/;cache*/home/pandora/Desktop/projects/dialogInsight/VitualMachine/manjaro/dbgcache/;/home/pandora/" (cb=240)
00:00:01.098403 
00:00:01.098403 [/Devices/] (level 1)
00:00:01.098404 
00:00:01.098404 [/Devices/8237A/] (level 2)
00:00:01.098404 
00:00:01.098404 [/Devices/8237A/0/] (level 3)
00:00:01.098405   Trusted <integer> = 0x0000000000000001 (1)
00:00:01.098406 
00:00:01.098406 [/Devices/GIMDev/] (level 2)
00:00:01.098406 
00:00:01.098406 [/Devices/GIMDev/0/] (level 3)
00:00:01.098407   Trusted <integer> = 0x0000000000000001 (1)
00:00:01.098407 
00:00:01.098408 [/Devices/VMMDev/] (level 2)
00:00:01.098408 
00:00:01.098408 [/Devices/VMMDev/0/] (level 3)
00:00:01.098409   PCIBusNo      <integer> = 0x0000000000000000 (0)
00:00:01.098410   PCIDeviceNo   <integer> = 0x0000000000000004 (4)
00:00:01.098410   PCIFunctionNo <integer> = 0x0000000000000000 (0)
00:00:01.098410   Trusted       <integer> = 0x0000000000000001 (1)
00:00:01.098411 
00:00:01.098411 [/Devices/VMMDev/0/Config/] (level 4)
00:00:01.098412   GuestCoreDumpDir <string>  = "/home/pandora/Desktop/projects/dialogInsight/VitualMachine/manjaro/Snapshots" (cb=77)
00:00:01.098412 
00:00:01.098412 [/Devices/VMMDev/0/LUN#0/] (level 4)
00:00:01.098413   Driver <string>  = "HGCM" (cb=5)
00:00:01.098413 
00:00:01.098413 [/Devices/VMMDev/0/LUN#0/Config/] (level 5)
00:00:01.098414   Object <integer> = 0x00007fae98000bb0 (140 387 851 176 880)
00:00:01.098415 
00:00:01.098415 [/Devices/VMMDev/0/LUN#999/] (level 4)
00:00:01.098416   Driver <string>  = "MainStatus" (cb=11)
00:00:01.098416 
00:00:01.098416 [/Devices/VMMDev/0/LUN#999/Config/] (level 5)
00:00:01.098417   First   <integer> = 0x0000000000000000 (0)
00:00:01.098418   Last    <integer> = 0x0000000000000000 (0)
00:00:01.098418   papLeds <integer> = 0x00007faebc001c00 (140 388 455 160 832)
00:00:01.098419 
00:00:01.098419 [/Devices/acpi/] (level 2)
00:00:01.098420 
00:00:01.098420 [/Devices/acpi/0/] (level 3)
00:00:01.098420   PCIBusNo      <integer> = 0x0000000000000000 (0)
00:00:01.098421   PCIDeviceNo   <integer> = 0x0000000000000007 (7)
00:00:01.098421   PCIFunctionNo <integer> = 0x0000000000000000 (0)
00:00:01.098422   Trusted       <integer> = 0x0000000000000001 (1)
00:00:01.098422 
00:00:01.098422 [/Devices/acpi/0/Config/] (level 4)
00:00:01.098423   CpuHotPlug          <integer> = 0x0000000000000000 (0)
00:00:01.098423   FdcEnabled          <integer> = 0x0000000000000000 (0)
00:00:01.098424   HostBusPciAddress   <integer> = 0x0000000000000000 (0)
00:00:01.098424   HpetEnabled         <integer> = 0x0000000000000000 (0)
00:00:01.098425   IOAPIC              <integer> = 0x0000000000000001 (1)
00:00:01.098425   IocPciAddress       <integer> = 0x0000000000010000 (65 536)
00:00:01.098426   NumCPUs             <integer> = 0x0000000000000001 (1)
00:00:01.098426   Parallel0IoPortBase <integer> = 0x0000000000000000 (0)
00:00:01.098427   Parallel0Irq        <integer> = 0x0000000000000000 (0)
00:00:01.098427   Parallel1IoPortBase <integer> = 0x0000000000000000 (0)
00:00:01.098428   Parallel1Irq        <integer> = 0x0000000000000000 (0)
00:00:01.098428   Serial0IoPortBase   <integer> = 0x0000000000000000 (0)
00:00:01.098429   Serial0Irq          <integer> = 0x0000000000000000 (0)
00:00:01.098429   Serial1IoPortBase   <integer> = 0x0000000000000000 (0)
00:00:01.098429   Serial1Irq          <integer> = 0x0000000000000000 (0)
00:00:01.098430   ShowCpu             <integer> = 0x0000000000000001 (1)
00:00:01.098430   ShowRtc             <integer> = 0x0000000000000000 (0)
00:00:01.098431   SmcEnabled          <integer> = 0x0000000000000000 (0)
00:00:01.098431 
00:00:01.098431 [/Devices/acpi/0/LUN#0/] (level 4)
00:00:01.098432   Driver <string>  = "ACPIHost" (cb=9)
00:00:01.098432 
00:00:01.098433 [/Devices/acpi/0/LUN#0/Config/] (level 5)
00:00:01.098433 
00:00:01.098433 [/Devices/ahci/] (level 2)
00:00:01.098434 
00:00:01.098434 [/Devices/ahci/0/] (level 3)
00:00:01.098435   PCIBusNo      <integer> = 0x0000000000000000 (0)
00:00:01.098435   PCIDeviceNo   <integer> = 0x000000000000000d (13)
00:00:01.098436   PCIFunctionNo <integer> = 0x0000000000000000 (0)
00:00:01.098436   Trusted       <integer> = 0x0000000000000001 (1)
00:00:01.098436 
00:00:01.098437 [/Devices/ahci/0/Config/] (level 4)
00:00:01.098437   Bootable  <integer> = 0x0000000000000001 (1)
00:00:01.098438   PortCount <integer> = 0x0000000000000001 (1)
00:00:01.098438 
00:00:01.098438 [/Devices/ahci/0/Config/Port0/] (level 5)
00:00:01.098439   Hotpluggable <integer> = 0x0000000000000000 (0)
00:00:01.098439 
00:00:01.098439 [/Devices/ahci/0/LUN#0/] (level 4)
00:00:01.098440   Driver <string>  = "VD" (cb=3)
00:00:01.098441 
00:00:01.098441 [/Devices/ahci/0/LUN#0/Config/] (level 5)
00:00:01.098442   BlockCache <integer> = 0x0000000000000001 (1)
00:00:01.098442   Format     <string>  = "VDI" (cb=4)
00:00:01.098443   Mountable  <integer> = 0x0000000000000000 (0)
00:00:01.098443   Path       <string>  = "/home/pandora/Desktop/projects/dialogInsight/VitualMachine/manjaro/manjaro.vdi" (cb=79)
00:00:01.098443   Type       <string>  = "HardDisk" (cb=9)
00:00:01.098444   UseNewIo   <integer> = 0x0000000000000001 (1)
00:00:01.098444 
00:00:01.098445 [/Devices/ahci/0/LUN#0/Config/Plugins/] (level 6)
00:00:01.098445 
00:00:01.098445 [/Devices/ahci/0/LUN#0/Config/Plugins/VDPluginCrypt/] (level 7)
00:00:01.098446   Path <string>  = "/usr/lib/virtualbox/ExtensionPacks/Oracle_VM_VirtualBox_Extension_Pack/linux.amd64/VDPluginCrypt.so" (cb=100)
00:00:01.098447 
00:00:01.098447 [/Devices/ahci/0/LUN#0/Config/VDConfig/] (level 6)
00:00:01.098448   AllocationBlockSize <string>  = "1048576" (cb=8)
00:00:01.098448 
00:00:01.098448 [/Devices/ahci/0/LUN#999/] (level 4)
00:00:01.098449   Driver <string>  = "MainStatus" (cb=11)
00:00:01.098449 
00:00:01.098449 [/Devices/ahci/0/LUN#999/Config/] (level 5)
00:00:01.098450   DeviceInstance        <string>  = "ahci/0" (cb=7)
00:00:01.098451   First                 <integer> = 0x0000000000000000 (0)
00:00:01.098451   Last                  <integer> = 0x0000000000000000 (0)
00:00:01.098452   pConsole              <integer> = 0x00007faebc001360 (140 388 455 158 624)
00:00:01.098453   papLeds               <integer> = 0x00007faebc001780 (140 388 455 159 680)
00:00:01.098454   pmapMediumAttachments <integer> = 0x00007faebc001c20 (140 388 455 160 864)
00:00:01.098454 
00:00:01.098455 [/Devices/apic/] (level 2)
00:00:01.098455 
00:00:01.098455 [/Devices/apic/0/] (level 3)
00:00:01.098456   Trusted <integer> = 0x0000000000000001 (1)
00:00:01.098456 
00:00:01.098456 [/Devices/apic/0/Config/] (level 4)
00:00:01.098457   IOAPIC  <integer> = 0x0000000000000001 (1)
00:00:01.098457   Mode    <integer> = 0x0000000000000003 (3)
00:00:01.098458   NumCPUs <integer> = 0x0000000000000001 (1)
00:00:01.098458 
00:00:01.098458 [/Devices/e1000/] (level 2)
00:00:01.098459 
00:00:01.098459 [/Devices/e1000/0/] (level 3)
00:00:01.098460   PCIBusNo      <integer> = 0x0000000000000000 (0)
00:00:01.098460   PCIDeviceNo   <integer> = 0x0000000000000003 (3)
00:00:01.098461   PCIFunctionNo <integer> = 0x0000000000000000 (0)
00:00:01.098461   Trusted       <integer> = 0x0000000000000001 (1)
00:00:01.098461 
00:00:01.098462 [/Devices/e1000/0/Config/] (level 4)
00:00:01.098462   AdapterType    <integer> = 0x0000000000000000 (0)
00:00:01.098463   CableConnected <integer> = 0x0000000000000001 (1)
00:00:01.098463   LineSpeed      <integer> = 0x0000000000000000 (0)
00:00:01.098463   MAC            <bytes>   = "08 00 27 b9 26 76" (cb=6)
00:00:01.098464 
00:00:01.098465 [/Devices/e1000/0/LUN#0/] (level 4)
00:00:01.098465   Driver <string>  = "NAT" (cb=4)
00:00:01.098466 
00:00:01.098466 [/Devices/e1000/0/LUN#0/Config/] (level 5)
00:00:01.098467   AliasMode       <integer> = 0x0000000000000000 (0)
00:00:01.098467   BootFile        <string>  = "manjaro.pxe" (cb=12)
00:00:01.098467   DNSProxy        <integer> = 0x0000000000000000 (0)
00:00:01.098468   Network         <string>  = "10.0.2.0/24" (cb=12)
00:00:01.098468   PassDomain      <integer> = 0x0000000000000001 (1)
00:00:01.098469   TFTPPrefix      <string>  = "/home/pandora/.config/VirtualBox/TFTP" (cb=38)
00:00:01.098469   UseHostResolver <integer> = 0x0000000000000000 (0)
00:00:01.098469 
00:00:01.098470 [/Devices/e1000/0/LUN#999/] (level 4)
00:00:01.098470   Driver <string>  = "MainStatus" (cb=11)
00:00:01.098471 
00:00:01.098471 [/Devices/e1000/0/LUN#999/Config/] (level 5)
00:00:01.098471   First   <integer> = 0x0000000000000000 (0)
00:00:01.098472   Last    <integer> = 0x0000000000000000 (0)
00:00:01.098472   papLeds <integer> = 0x00007faebc001ae0 (140 388 455 160 544)
00:00:01.098473 
00:00:01.098473 [/Devices/i8254/] (level 2)
00:00:01.098474 
00:00:01.098474 [/Devices/i8254/0/] (level 3)
00:00:01.098474 
00:00:01.098475 [/Devices/i8254/0/Config/] (level 4)
00:00:01.098475 
00:00:01.098475 [/Devices/i8259/] (level 2)
00:00:01.098476 
00:00:01.098476 [/Devices/i8259/0/] (level 3)
00:00:01.098477   Trusted <integer> = 0x0000000000000001 (1)
00:00:01.098477 
00:00:01.098477 [/Devices/i8259/0/Config/] (level 4)
00:00:01.098478 
00:00:01.098478 [/Devices/ichac97/] (level 2)
00:00:01.098478 
00:00:01.098478 [/Devices/ichac97/0/] (level 3)
00:00:01.098479   PCIBusNo      <integer> = 0x0000000000000000 (0)
00:00:01.098479   PCIDeviceNo   <integer> = 0x0000000000000005 (5)
00:00:01.098480   PCIFunctionNo <integer> = 0x0000000000000000 (0)
00:00:01.098480   Trusted       <integer> = 0x0000000000000001 (1)
00:00:01.098481 
00:00:01.098481 [/Devices/ichac97/0/AudioConfig/] (level 4)
00:00:01.098481 
00:00:01.098482 [/Devices/ichac97/0/Config/] (level 4)
00:00:01.098482   Codec        <string>  = "AD1980" (cb=7)
00:00:01.098483   DebugEnabled <integer> = 0x0000000000000000 (0)
00:00:01.098483 
00:00:01.098483 [/Devices/ichac97/0/LUN#0/] (level 4)
00:00:01.098484   Driver <string>  = "AUDIO" (cb=6)
00:00:01.098484 
00:00:01.098484 [/Devices/ichac97/0/LUN#0/AttachedDriver/] (level 5)
00:00:01.098485   Driver <string>  = "PulseAudio" (cb=11)
00:00:01.098485 
00:00:01.098486 [/Devices/ichac97/0/LUN#0/AttachedDriver/Config/] (level 6)
00:00:01.098486   StreamName <string>  = "manjaro" (cb=8)
00:00:01.098487 
00:00:01.098487 [/Devices/ichac97/0/LUN#0/Config/] (level 5)
00:00:01.098488   BufferSizeMs    <integer> = 0x0000000000000000 (0)
00:00:01.098488   DriverName      <string>  = "PulseAudio" (cb=11)
00:00:01.098489   InputEnabled    <integer> = 0x0000000000000000 (0)
00:00:01.098489   OutputEnabled   <integer> = 0x0000000000000001 (1)
00:00:01.098489   PeriodSizeMs    <integer> = 0x0000000000000000 (0)
00:00:01.098490   PreBufferSizeMs <integer> = 0x00000000ffffffff (4 294 967 295)
00:00:01.098490 
00:00:01.098491 [/Devices/ichac97/0/LUN#1/] (level 4)
00:00:01.098491   Driver <string>  = "AUDIO" (cb=6)
00:00:01.098492 
00:00:01.098492 [/Devices/ichac97/0/LUN#2/] (level 4)
00:00:01.098492   Driver <string>  = "AUDIO" (cb=6)
00:00:01.098493 
00:00:01.098493 [/Devices/ioapic/] (level 2)
00:00:01.098493 
00:00:01.098494 [/Devices/ioapic/0/] (level 3)
00:00:01.098494   Trusted <integer> = 0x0000000000000001 (1)
00:00:01.098494 
00:00:01.098495 [/Devices/ioapic/0/Config/] (level 4)
00:00:01.098495   NumCPUs <integer> = 0x0000000000000001 (1)
00:00:01.098496 
00:00:01.098496 [/Devices/mc146818/] (level 2)
00:00:01.098496 
00:00:01.098496 [/Devices/mc146818/0/] (level 3)
00:00:01.098497 
00:00:01.098497 [/Devices/mc146818/0/Config/] (level 4)
00:00:01.098498   UseUTC <integer> = 0x0000000000000001 (1)
00:00:01.098498 
00:00:01.098498 [/Devices/parallel/] (level 2)
00:00:01.098499 
00:00:01.098499 [/Devices/pcarch/] (level 2)
00:00:01.098500 
00:00:01.098500 [/Devices/pcarch/0/] (level 3)
00:00:01.098500   Trusted <integer> = 0x0000000000000001 (1)
00:00:01.098501 
00:00:01.098501 [/Devices/pcarch/0/Config/] (level 4)
00:00:01.098501 
00:00:01.098502 [/Devices/pcbios/] (level 2)
00:00:01.098502 
00:00:01.098502 [/Devices/pcbios/0/] (level 3)
00:00:01.098503   Trusted <integer> = 0x0000000000000001 (1)
00:00:01.098503 
00:00:01.098503 [/Devices/pcbios/0/Config/] (level 4)
00:00:01.098504   APIC               <integer> = 0x0000000000000001 (1)
00:00:01.098505   BootDevice0        <string>  = "FLOPPY" (cb=7)
00:00:01.098505   BootDevice1        <string>  = "DVD" (cb=4)
00:00:01.098505   BootDevice2        <string>  = "IDE" (cb=4)
00:00:01.098506   BootDevice3        <string>  = "NONE" (cb=5)
00:00:01.098506   FloppyDevice       <string>  = "i82078" (cb=7)
00:00:01.098507   HardDiskDevice     <string>  = "piix3ide" (cb=9)
00:00:01.098507   IOAPIC             <integer> = 0x0000000000000001 (1)
00:00:01.098507   LanBootRom         <string>  = "/usr/lib/virtualbox/ExtensionPacks/Oracle_VM_VirtualBox_Extension_Pack/PXE-Intel.rom" (cb=85)
00:00:01.098508   McfgBase           <integer> = 0x0000000000000000 (0)
00:00:01.098508   McfgLength         <integer> = 0x0000000000000000 (0)
00:00:01.098509   NumCPUs            <integer> = 0x0000000000000001 (1)
00:00:01.098509   PXEDebug           <integer> = 0x0000000000000000 (0)
00:00:01.098510   SataHardDiskDevice <string>  = "ahci" (cb=5)
00:00:01.098510   SataLUN1           <integer> = 0x0000000000000000 (0)
00:00:01.098511   UUID               <bytes>   = "56 22 1a 6a 96 8a 90 40 a7 6d e9 43 80 20 48 c5" (cb=16)
00:00:01.098512   UuidLe             <integer> = 0x0000000000000001 (1)
00:00:01.098512 
00:00:01.098513 [/Devices/pcbios/0/Config/NetBoot/] (level 5)
00:00:01.098513 
00:00:01.098513 [/Devices/pcbios/0/Config/NetBoot/0/] (level 6)
00:00:01.098514   NIC           <integer> = 0x0000000000000000 (0)
00:00:01.098515   PCIBusNo      <integer> = 0x0000000000000000 (0)
00:00:01.098515   PCIDeviceNo   <integer> = 0x0000000000000003 (3)
00:00:01.098516   PCIFunctionNo <integer> = 0x0000000000000000 (0)
00:00:01.098516 
00:00:01.098516 [/Devices/pci/] (level 2)
00:00:01.098517 
00:00:01.098517 [/Devices/pci/0/] (level 3)
00:00:01.098517   Trusted <integer> = 0x0000000000000001 (1)
00:00:01.098518 
00:00:01.098518 [/Devices/pci/0/Config/] (level 4)
00:00:01.098518   IOAPIC <integer> = 0x0000000000000001 (1)
00:00:01.098519 
00:00:01.098519 [/Devices/pcibridge/] (level 2)
00:00:01.098520 
00:00:01.098520 [/Devices/pckbd/] (level 2)
00:00:01.098520 
00:00:01.098520 [/Devices/pckbd/0/] (level 3)
00:00:01.098521   Trusted <integer> = 0x0000000000000001 (1)
00:00:01.098521 
00:00:01.098521 [/Devices/pckbd/0/Config/] (level 4)
00:00:01.098522 
00:00:01.098522 [/Devices/pckbd/0/LUN#0/] (level 4)
00:00:01.098523   Driver <string>  = "KeyboardQueue" (cb=14)
00:00:01.098523 
00:00:01.098523 [/Devices/pckbd/0/LUN#0/AttachedDriver/] (level 5)
00:00:01.098524   Driver <string>  = "MainKeyboard" (cb=13)
00:00:01.098524 
00:00:01.098525 [/Devices/pckbd/0/LUN#0/AttachedDriver/Config/] (level 6)
00:00:01.098525   Object <integer> = 0x0000557eb98f7c70 (94 002 767 428 720)
00:00:01.098526 
00:00:01.098526 [/Devices/pckbd/0/LUN#0/Config/] (level 5)
00:00:01.098527   QueueSize <integer> = 0x0000000000000040 (64)
00:00:01.098527 
00:00:01.098528 [/Devices/pckbd/0/LUN#1/] (level 4)
00:00:01.098528   Driver <string>  = "MouseQueue" (cb=11)
00:00:01.098529 
00:00:01.098529 [/Devices/pckbd/0/LUN#1/AttachedDriver/] (level 5)
00:00:01.098529   Driver <string>  = "MainMouse" (cb=10)
00:00:01.098530 
00:00:01.098530 [/Devices/pckbd/0/LUN#1/AttachedDriver/Config/] (level 6)
00:00:01.098531   Object <integer> = 0x00007faebc00eec0 (140 388 455 214 784)
00:00:01.098531 
00:00:01.098532 [/Devices/pckbd/0/LUN#1/Config/] (level 5)
00:00:01.098532   QueueSize <integer> = 0x0000000000000080 (128)
00:00:01.098533 
00:00:01.098533 [/Devices/pcnet/] (level 2)
00:00:01.098533 
00:00:01.098534 [/Devices/piix3ide/] (level 2)
00:00:01.098534 
00:00:01.098534 [/Devices/piix3ide/0/] (level 3)
00:00:01.098535   PCIBusNo      <integer> = 0x0000000000000000 (0)
00:00:01.098535   PCIDeviceNo   <integer> = 0x0000000000000001 (1)
00:00:01.098536   PCIFunctionNo <integer> = 0x0000000000000001 (1)
00:00:01.098536   Trusted       <integer> = 0x0000000000000001 (1)
00:00:01.098537 
00:00:01.098537 [/Devices/piix3ide/0/Config/] (level 4)
00:00:01.098537   Type <string>  = "PIIX4" (cb=6)
00:00:01.098538 
00:00:01.098538 [/Devices/piix3ide/0/LUN#2/] (level 4)
00:00:01.098538   Driver <string>  = "VD" (cb=3)
00:00:01.098539 
00:00:01.098539 [/Devices/piix3ide/0/LUN#2/Config/] (level 5)
00:00:01.098540   Format    <string>  = "RAW" (cb=4)
00:00:01.098540   Mountable <integer> = 0x0000000000000001 (1)
00:00:01.098540   Path      <string>  = "/home/pandora/Downloads/manjaro-xfce-20.0.3-200606-linux56.iso" (cb=63)
00:00:01.098541   ReadOnly  <integer> = 0x0000000000000001 (1)
00:00:01.098541   Type      <string>  = "DVD" (cb=4)
00:00:01.098542 
00:00:01.098542 [/Devices/piix3ide/0/LUN#2/Config/Plugins/] (level 6)
00:00:01.098542 
00:00:01.098543 [/Devices/piix3ide/0/LUN#2/Config/Plugins/VDPluginCrypt/] (level 7)
00:00:01.098544   Path <string>  = "/usr/lib/virtualbox/ExtensionPacks/Oracle_VM_VirtualBox_Extension_Pack/linux.amd64/VDPluginCrypt.so" (cb=100)
00:00:01.098544 
00:00:01.098544 [/Devices/piix3ide/0/LUN#999/] (level 4)
00:00:01.098545   Driver <string>  = "MainStatus" (cb=11)
00:00:01.098545 
00:00:01.098545 [/Devices/piix3ide/0/LUN#999/Config/] (level 5)
00:00:01.098546   DeviceInstance        <string>  = "piix3ide/0" (cb=11)
00:00:01.098546   First                 <integer> = 0x0000000000000000 (0)
00:00:01.098547   Last                  <integer> = 0x0000000000000003 (3)
00:00:01.098547   pConsole              <integer> = 0x00007faebc001360 (140 388 455 158 624)
00:00:01.098548   papLeds               <integer> = 0x00007faebc001760 (140 388 455 159 648)
00:00:01.098549   pmapMediumAttachments <integer> = 0x00007faebc001c20 (140 388 455 160 864)
00:00:01.098550 
00:00:01.098550 [/Devices/serial/] (level 2)
00:00:01.098551 
00:00:01.098551 [/Devices/usb-ehci/] (level 2)
00:00:01.098551 
00:00:01.098551 [/Devices/usb-ehci/0/] (level 3)
00:00:01.098552   PCIBusNo      <integer> = 0x0000000000000000 (0)
00:00:01.098553   PCIDeviceNo   <integer> = 0x000000000000000b (11)
00:00:01.098553   PCIFunctionNo <integer> = 0x0000000000000000 (0)
00:00:01.098553   Trusted       <integer> = 0x0000000000000001 (1)
00:00:01.098554 
00:00:01.098554 [/Devices/usb-ehci/0/Config/] (level 4)
00:00:01.098555 
00:00:01.098555 [/Devices/usb-ehci/0/LUN#0/] (level 4)
00:00:01.098555   Driver <string>  = "VUSBRootHub" (cb=12)
00:00:01.098556 
00:00:01.098556 [/Devices/usb-ehci/0/LUN#0/Config/] (level 5)
00:00:01.098557 
00:00:01.098557 [/Devices/usb-ehci/0/LUN#999/] (level 4)
00:00:01.098557   Driver <string>  = "MainStatus" (cb=11)
00:00:01.098558 
00:00:01.098558 [/Devices/usb-ehci/0/LUN#999/Config/] (level 5)
00:00:01.098558   First   <integer> = 0x0000000000000000 (0)
00:00:01.098559   Last    <integer> = 0x0000000000000000 (0)
00:00:01.098559   papLeds <integer> = 0x00007faebc001c10 (140 388 455 160 848)
00:00:01.098560 
00:00:01.098560 [/Devices/usb-ohci/] (level 2)
00:00:01.098561 
00:00:01.098561 [/Devices/usb-ohci/0/] (level 3)
00:00:01.098561   PCIBusNo      <integer> = 0x0000000000000000 (0)
00:00:01.098562   PCIDeviceNo   <integer> = 0x0000000000000006 (6)
00:00:01.098562   PCIFunctionNo <integer> = 0x0000000000000000 (0)
00:00:01.098563   Trusted       <integer> = 0x0000000000000001 (1)
00:00:01.098563 
00:00:01.098563 [/Devices/usb-ohci/0/Config/] (level 4)
00:00:01.098564 
00:00:01.098564 [/Devices/usb-ohci/0/LUN#0/] (level 4)
00:00:01.098565   Driver <string>  = "VUSBRootHub" (cb=12)
00:00:01.098565 
00:00:01.098565 [/Devices/usb-ohci/0/LUN#0/Config/] (level 5)
00:00:01.098566 
00:00:01.098566 [/Devices/usb-ohci/0/LUN#999/] (level 4)
00:00:01.098567   Driver <string>  = "MainStatus" (cb=11)
00:00:01.098567 
00:00:01.098568 [/Devices/usb-ohci/0/LUN#999/Config/] (level 5)
00:00:01.098569   First   <integer> = 0x0000000000000000 (0)
00:00:01.098569   Last    <integer> = 0x0000000000000000 (0)
00:00:01.098570   papLeds <integer> = 0x00007faebc001c08 (140 388 455 160 840)
00:00:01.098571 
00:00:01.098571 [/Devices/vga/] (level 2)
00:00:01.098572 
00:00:01.098572 [/Devices/vga/0/] (level 3)
00:00:01.098573   PCIBusNo      <integer> = 0x0000000000000000 (0)
00:00:01.098574   PCIDeviceNo   <integer> = 0x0000000000000002 (2)
00:00:01.098575   PCIFunctionNo <integer> = 0x0000000000000000 (0)
00:00:01.098575   Trusted       <integer> = 0x0000000000000001 (1)
00:00:01.098576 
00:00:01.098576 [/Devices/vga/0/Config/] (level 4)
00:00:01.098577   3DEnabled          <integer> = 0x0000000000000001 (1)
00:00:01.098578   CustomVideoModes   <integer> = 0x0000000000000000 (0)
00:00:01.098578   FadeIn             <integer> = 0x0000000000000001 (1)
00:00:01.098579   FadeOut            <integer> = 0x0000000000000001 (1)
00:00:01.098579   HeightReduction    <integer> = 0x0000000000000000 (0)
00:00:01.098579   LogoFile           <string>  = "" (cb=1)
00:00:01.098580   LogoTime           <integer> = 0x0000000000000000 (0)
00:00:01.098580   MonitorCount       <integer> = 0x0000000000000001 (1)
00:00:01.098581   ShowBootMenu       <integer> = 0x0000000000000002 (2)
00:00:01.098581   VMSVGA3dEnabled    <integer> = 0x0000000000000001 (1)
00:00:01.098582   VMSVGAEnabled      <integer> = 0x0000000000000001 (1)
00:00:01.098582   VMSVGAPciBarLayout <integer> = 0x0000000000000001 (1)
00:00:01.098582   VMSVGAPciId        <integer> = 0x0000000000000001 (1)
00:00:01.098583   VRamSize           <integer> = 0x0000000003500000 (55 574 528, 53 MB)
00:00:01.098584 
00:00:01.098584 [/Devices/vga/0/LUN#0/] (level 4)
00:00:01.098585   Driver <string>  = "MainDisplay" (cb=12)
00:00:01.098585 
00:00:01.098585 [/Devices/vga/0/LUN#0/Config/] (level 5)
00:00:01.098586   Object <integer> = 0x00007faebc002300 (140 388 455 162 624)
00:00:01.098587 
00:00:01.098587 [/Devices/vga/0/LUN#999/] (level 4)
00:00:01.098587   Driver <string>  = "MainStatus" (cb=11)
00:00:01.098588 
00:00:01.098588 [/Devices/vga/0/LUN#999/Config/] (level 5)
00:00:01.098589   First   <integer> = 0x0000000000000000 (0)
00:00:01.098589   Last    <integer> = 0x0000000000000000 (0)
00:00:01.098589   papLeds <integer> = 0x00007faebc001c18 (140 388 455 160 856)
00:00:01.098590 
00:00:01.098590 [/Devices/virtio-net/] (level 2)
00:00:01.098591 
00:00:01.098591 [/EM/] (level 1)
00:00:01.098592   TripleFaultReset <integer> = 0x0000000000000000 (0)
00:00:01.098592 
00:00:01.098592 [/GIM/] (level 1)
00:00:01.098593   Provider <string>  = "KVM" (cb=4)
00:00:01.098593 
00:00:01.098593 [/HM/] (level 1)
00:00:01.098594   64bitEnabled            <integer> = 0x0000000000000001 (1)
00:00:01.098594   EnableLargePages        <integer> = 0x0000000000000000 (0)
00:00:01.098595   EnableNestedPaging      <integer> = 0x0000000000000001 (1)
00:00:01.098595   EnableUX                <integer> = 0x0000000000000001 (1)
00:00:01.098596   EnableVPID              <integer> = 0x0000000000000001 (1)
00:00:01.098596   Exclusive               <integer> = 0x0000000000000001 (1)
00:00:01.098597   HMForced                <integer> = 0x0000000000000001 (1)
00:00:01.098597   IBPBOnVMEntry           <integer> = 0x0000000000000000 (0)
00:00:01.098598   IBPBOnVMExit            <integer> = 0x0000000000000000 (0)
00:00:01.098598   L1DFlushOnSched         <integer> = 0x0000000000000001 (1)
00:00:01.098599   L1DFlushOnVMEntry       <integer> = 0x0000000000000000 (0)
00:00:01.098599   LovelyMesaDrvWorkaround <integer> = 0x0000000000000001 (1)
00:00:01.098599   MDSClearOnSched         <integer> = 0x0000000000000001 (1)
00:00:01.098600   MDSClearOnVMEntry       <integer> = 0x0000000000000000 (0)
00:00:01.098600   SpecCtrlByHost          <integer> = 0x0000000000000000 (0)
00:00:01.098601   UseNEMInstead           <integer> = 0x0000000000000000 (0)
00:00:01.098601 
00:00:01.098601 [/MM/] (level 1)
00:00:01.098602   CanUseLargerHeap <integer> = 0x0000000000000000 (0)
00:00:01.098602 
00:00:01.098602 [/NEM/] (level 1)
00:00:01.098603   Allow64BitGuests <integer> = 0x0000000000000001 (1)
00:00:01.098603 
00:00:01.098603 [/PDM/] (level 1)
00:00:01.098604 
00:00:01.098604 [/PDM/AsyncCompletion/] (level 2)
00:00:01.098604 
00:00:01.098605 [/PDM/AsyncCompletion/File/] (level 3)
00:00:01.098605 
00:00:01.098605 [/PDM/AsyncCompletion/File/BwGroups/] (level 4)
00:00:01.098606 
00:00:01.098606 [/PDM/BlkCache/] (level 2)
00:00:01.098607   CacheSize <integer> = 0x0000000000500000 (5 242 880, 5 MB)
00:00:01.098608 
00:00:01.098608 [/PDM/Devices/] (level 2)
00:00:01.098608 
00:00:01.098608 [/PDM/Devices/VBoxEhci/] (level 3)
00:00:01.098609   Path         <string>  = "/usr/lib/virtualbox/ExtensionPacks/Oracle_VM_VirtualBox_Extension_Pack/linux.amd64/VBoxEhciR3.so" (cb=97)
00:00:01.098610   R0SearchPath <string>  = "/usr/lib/virtualbox/ExtensionPacks/Oracle_VM_VirtualBox_Extension_Pack/linux.amd64" (cb=83)
00:00:01.098610 
00:00:01.098610 [/PDM/Devices/VBoxNvme/] (level 3)
00:00:01.098611   Path         <string>  = "/usr/lib/virtualbox/ExtensionPacks/Oracle_VM_VirtualBox_Extension_Pack/linux.amd64/VBoxNvmeR3.so" (cb=97)
00:00:01.098611   R0SearchPath <string>  = "/usr/lib/virtualbox/ExtensionPacks/Oracle_VM_VirtualBox_Extension_Pack/linux.amd64" (cb=83)
00:00:01.098612 
00:00:01.098612 [/PDM/Drivers/] (level 2)
00:00:01.098613 
00:00:01.098613 [/PDM/Drivers/DrvHostWebcam/] (level 3)
00:00:01.098614   Path <string>  = "/usr/lib/virtualbox/ExtensionPacks/Oracle_VM_VirtualBox_Extension_Pack/linux.amd64/VBoxHostWebcam.so" (cb=101)
00:00:01.098614 
00:00:01.098615 [/PDM/Drivers/VBoxC/] (level 3)
00:00:01.098615   Path <string>  = "/usr/lib/virtualbox/components/VBoxC" (cb=37)
00:00:01.098616 
00:00:01.098616 [/PDM/NetworkShaper/] (level 2)
00:00:01.098617 
00:00:01.098617 [/PDM/NetworkShaper/BwGroups/] (level 3)
00:00:01.098618 
00:00:01.098618 [/PDM/USB/] (level 2)
00:00:01.098619 
00:00:01.098619 [/PDM/USB/VBoxUsbCardReader/] (level 3)
00:00:01.098620   Path <string>  = "/usr/lib/virtualbox/ExtensionPacks/Oracle_VM_VirtualBox_Extension_Pack/linux.amd64/VBoxUsbCardReaderR3.so" (cb=106)
00:00:01.098621 
00:00:01.098621 [/PDM/USB/VBoxUsbWebcam/] (level 3)
00:00:01.098621   Path <string>  = "/usr/lib/virtualbox/ExtensionPacks/Oracle_VM_VirtualBox_Extension_Pack/linux.amd64/VBoxUsbWebcamR3.so" (cb=102)
00:00:01.098622 
00:00:01.098622 [/TM/] (level 1)
00:00:01.098623   UTCOffset <integer> = 0x0000000000000000 (0)
00:00:01.098623 
00:00:01.098623 [/USB/] (level 1)
00:00:01.098624 
00:00:01.098624 [/USB/HidMouse/] (level 2)
00:00:01.098625 
00:00:01.098626 [/USB/HidMouse/0/] (level 3)
00:00:01.098626 
00:00:01.098627 [/USB/HidMouse/0/Config/] (level 4)
00:00:01.098628   Mode <string>  = "absolute" (cb=9)
00:00:01.098628 
00:00:01.098628 [/USB/HidMouse/0/LUN#0/] (level 4)
00:00:01.098629   Driver <string>  = "MouseQueue" (cb=11)
00:00:01.098630 
00:00:01.098630 [/USB/HidMouse/0/LUN#0/AttachedDriver/] (level 5)
00:00:01.098631   Driver <string>  = "MainMouse" (cb=10)
00:00:01.098632 
00:00:01.098632 [/USB/HidMouse/0/LUN#0/AttachedDriver/Config/] (level 6)
00:00:01.098633   Object <integer> = 0x00007faebc00eec0 (140 388 455 214 784)
00:00:01.098634 
00:00:01.098634 [/USB/HidMouse/0/LUN#0/Config/] (level 5)
00:00:01.098635   QueueSize <integer> = 0x0000000000000080 (128)
00:00:01.098635 
00:00:01.098636 [/USB/USBProxy/] (level 2)
00:00:01.098636 
00:00:01.098636 [/USB/USBProxy/GlobalConfig/] (level 3)
00:00:01.098637 
00:00:01.098637 ********************* End of CFGM dump **********************
00:00:01.098682 HM: HMR3Init: VT-x w/ nested paging and unrestricted guest execution hw support
00:00:01.098716 MM: cbHyperHeap=0x200000 (2097152)
00:00:01.099476 CPUM: fXStateHostMask=0x7; initial: 0x7; host XCR0=0x1f
00:00:01.100127 CPUM: Matched host CPU INTEL 0x6/0x9e/0xa Intel_Core7_CoffeeLake with CPU DB entry 'Intel Core i7-6700K' (INTEL 0x6/0x5e/0x3 Intel_Core7_Skylake)
00:00:01.100167 CPUM: MXCSR_MASK=0xffff (host: 0xffff)
00:00:01.100176 CPUM: Microcode revision 0x000000B4
00:00:01.100183 CPUM: Changing leaf 13[0]: EBX=0x440 -> 0x340, ECX=0x440 -> 0x340
00:00:01.100191 CPUM: MSR/CPUID reconciliation insert: 0x0000010b IA32_FLUSH_CMD
00:00:01.100264 PGM: Host paging mode: AMD64+PGE+NX
00:00:01.100271 PGM: PGMPool: cMaxPages=2304 (u64MaxPages=2084)
00:00:01.100274 PGM: pgmR3PoolInit: cMaxPages=0x900 cMaxUsers=0x1200 cMaxPhysExts=0x1200 fCacheEnable=true 
00:00:01.100782 PGM: /proc/sys/vm/max_map_count = 65530 (rc2=VWRN_TRAILING_CHARS); cGuessNeeded=16384
00:00:01.105924 TM: GIP - u32Mode=3 (Invariant) u32UpdateHz=75 u32UpdateIntervalNS=13333332 enmUseTscDelta=2 (Practically Zero) fGetGipCpu=0x1b cCpus=12
00:00:01.105954 TM: GIP - u64CpuHz=2 207 999 715 (0x839b66e3)  SUPGetCpuHzFromGip => 2 207 999 715
00:00:01.105959 TM: GIP - CPU: iCpuSet=0x0 idCpu=0x0 idApic=0x0 iGipCpu=0x3 i64TSCDelta=0 enmState=3 u64CpuHz=2207999728(*) cErrors=0
00:00:01.105962 TM: GIP - CPU: iCpuSet=0x1 idCpu=0x1 idApic=0x2 iGipCpu=0x8 i64TSCDelta=0 enmState=3 u64CpuHz=2207999725(*) cErrors=0
00:00:01.105965 TM: GIP - CPU: iCpuSet=0x2 idCpu=0x2 idApic=0x4 iGipCpu=0x2 i64TSCDelta=0 enmState=3 u64CpuHz=2207999691(*) cErrors=0
00:00:01.105968 TM: GIP - CPU: iCpuSet=0x3 idCpu=0x3 idApic=0x6 iGipCpu=0xa i64TSCDelta=0 enmState=3 u64CpuHz=2207999710(*) cErrors=0
00:00:01.105971 TM: GIP - CPU: iCpuSet=0x4 idCpu=0x4 idApic=0x8 iGipCpu=0x5 i64TSCDelta=0 enmState=3 u64CpuHz=2207999726(*) cErrors=0
00:00:01.105973 TM: GIP - CPU: iCpuSet=0x5 idCpu=0x5 idApic=0xa iGipCpu=0x4 i64TSCDelta=0 enmState=3 u64CpuHz=2207999722(*) cErrors=0
00:00:01.105976 TM: GIP - CPU: iCpuSet=0x6 idCpu=0x6 idApic=0x1 iGipCpu=0x9 i64TSCDelta=0 enmState=3 u64CpuHz=2207999726(*) cErrors=0
00:00:01.105978 TM: GIP - CPU: iCpuSet=0x7 idCpu=0x7 idApic=0x3 iGipCpu=0x6 i64TSCDelta=0 enmState=3 u64CpuHz=2207999727(*) cErrors=0
00:00:01.105980 TM: GIP - CPU: iCpuSet=0x8 idCpu=0x8 idApic=0x5 iGipCpu=0x0 i64TSCDelta=0 enmState=3 u64CpuHz=2207999715(*) cErrors=0
00:00:01.105983 TM: GIP - CPU: iCpuSet=0x9 idCpu=0x9 idApic=0x7 iGipCpu=0xb i64TSCDelta=0 enmState=3 u64CpuHz=2207999712(*) cErrors=0
00:00:01.105985 TM: GIP - CPU: iCpuSet=0xa idCpu=0xa idApic=0x9 iGipCpu=0x7 i64TSCDelta=0 enmState=3 u64CpuHz=2207999700(*) cErrors=0
00:00:01.105987 TM: GIP - CPU: iCpuSet=0xb idCpu=0xb idApic=0xb iGipCpu=0x1 i64TSCDelta=0 enmState=3 u64CpuHz=2207999429(*) cErrors=0
00:00:01.106012 TM: cTSCTicksPerSecond=2 207 999 715 (0x839b66e3) enmTSCMode=3 (Dynamic)
00:00:01.106013 TM: TSCTiedToExecution=false TSCNotTiedToHalt=false
00:00:01.106346 EMR3Init: fIemExecutesAll=false fGuruOnTripleFault=true 
00:00:01.106397 IEM: TargetCpu=CURRENT, Microarch=Intel_Core7_CoffeeLake
00:00:01.106426 GIM: Using provider 'KVM' (Implementation version: 0)
00:00:01.106430 CPUM: SetGuestCpuIdFeature: Enabled Hypervisor Present bit
00:00:01.154720 AIOMgr: Default manager type is 'Async'
00:00:01.154773 AIOMgr: Default file backend is 'NonBuffered'
00:00:01.155322 BlkCache: Cache successfully initialized. Cache size is 5242880 bytes
00:00:01.155354 BlkCache: Cache commit interval is 10000 ms
00:00:01.155366 BlkCache: Cache commit threshold is 2621440 bytes
00:00:01.160374 PcBios: [SMP] BIOS with 1 CPUs
00:00:01.160469 PcBios: Using the 386+ BIOS image.
00:00:01.160699 PcBios: MPS table at 000e1300
00:00:01.161807 PcBios: Using LAN ROM '/usr/lib/virtualbox/ExtensionPacks/Oracle_VM_VirtualBox_Extension_Pack/PXE-Intel.rom' with a size of 0xc000 bytes
00:00:01.162079 PcBios: fCheckShutdownStatusForSoftReset=true   fClearShutdownStatusOnHardReset=true 
00:00:01.163897 SUP: seg #0: R   0x00000000 LB 0x0000a000
00:00:01.163929 SUP: seg #1: R X 0x0000a000 LB 0x0001f000
00:00:01.163943 SUP: seg #2: R   0x00029000 LB 0x0000e000
00:00:01.163953 SUP: seg #3: RW  0x00037000 LB 0x00006328
00:00:01.164239 SUP: Loaded VBoxDDR0.r0 (/usr/lib/virtualbox/VBoxDDR0.r0) at 0xXXXXXXXXXXXXXXXX - ModuleInit at XXXXXXXXXXXXXXXX and ModuleTerm at XXXXXXXXXXXXXXXX
00:00:01.164749 CPUM: SetGuestCpuIdFeature: Enabled xAPIC
00:00:01.164773 CPUM: SetGuestCpuIdFeature: Enabled x2APIC
00:00:01.165332 IOAPIC: Using implementation 2.0! Chipset type ICH9
00:00:01.165450 PIT: mode=3 count=0x10000 (65536) - 18.20 Hz (ch=0)
00:00:01.171587 Shared Folders service loaded
00:00:01.173479 Guest Control service loaded
00:00:01.196371 VGA: Using the 386+ BIOS image.
00:00:01.197530 VD: VDInit finished with VINF_SUCCESS
00:00:01.197745 DrvVD: Flushes will be ignored
00:00:01.197754 DrvVD: Async flushes will be passed to the disk
00:00:01.200474 AIOMgr: Endpoint for file '/home/pandora/Desktop/projects/dialogInsight/VitualMachine/manjaro/manjaro.vdi' (flags 000c0723) created successfully
00:00:01.201388 VD: Opening the disk took 1177764 ns
00:00:01.201423 AHCI: LUN#0: disk, PCHS=16383/16/63, total number of sectors 16777216
00:00:01.201562 AHCI#0: Reset the HBA
00:00:01.201572 VD#0: Cancelling all active requests
00:00:01.202207 PIIX3 ATA: LUN#0: no unit
00:00:01.202218 PIIX3 ATA: LUN#1: no unit
00:00:01.202293 DrvVD: Flushes will be ignored
00:00:01.202297 DrvVD: Async flushes will be passed to the disk
00:00:01.202323 VD: Opening the disk took 20938 ns
00:00:01.202342 PIIX3 ATA: LUN#2: CD/DVD, total number of sectors 1388154, passthrough disabled
00:00:01.204567 PIIX3 ATA: LUN#3: no unit
00:00:01.204635 PIIX3 ATA: Ctl#0: finished processing RESET
00:00:01.204654 PIIX3 ATA: Ctl#1: finished processing RESET
00:00:01.204725 E1000#0: Chip=82540EM LinkUpDelay=3000ms EthernetCRC=on GSO=enabled Itr=disabled ItrRx=enabled TID=disabled R0=enabled RC=disabled
00:00:01.212573 NAT: Guest address guess set to 10.0.2.15 by initialization
00:00:01.212671 NAT: resolv.conf: nameserver 135.19.0.18
00:00:01.212677 NAT: resolv.conf: nameserver 70.80.0.66
00:00:01.212687 NAT: Adding domain name hitronhub.home
00:00:01.212690 NAT: DNS#0: 135.19.0.18
00:00:01.212694 NAT: DNS#1: 70.80.0.66
00:00:01.213368 AC97: Using codec 'AD1980'
00:00:01.213411 Audio: Initializing PulseAudio driver
00:00:01.216024 PulseAudio: Using v13.0.0
00:00:01.217126 PulseAudio: Retrieving server information ...
00:00:01.217518 AC97: Reset
00:00:01.217528 AC97: Mixer reset (EAID=0x809, EACS=0x9)
00:00:01.217532 AC97: Record select to left=Microphone In, right=Microphone In
00:00:01.217628 SUP: RTLdrGetBits failed for VBoxEhciR0.r0 (/usr/lib/virtualbox/ExtensionPacks/Oracle_VM_VirtualBox_Extension_Pack/linux.amd64/VBoxEhciR0.r0). rc=VERR_SYMBOL_VALUE_TOO_BIG
00:00:01.217639 PDMLdr: pdmR3LoadR0U: pszName="VBoxEhciR0.r0" rc=VERR_SYMBOL_VALUE_TOO_BIG szErr="RTLdrGetBits failed"
00:00:01.217644 VMSetError: /build/virtualbox/src/VirtualBox-6.1.14/src/VBox/VMM/VMMR3/PDMLdr.cpp(733) int pdmR3LoadR0U(PUVM, const char*, const char*, const char*); rc=VERR_SYMBOL_VALUE_TOO_BIG
00:00:01.217646 VMSetError: Failed to load R0 module /usr/lib/virtualbox/ExtensionPacks/Oracle_VM_VirtualBox_Extension_Pack/linux.amd64/VBoxEhciR0.r0: RTLdrGetBits failed
00:00:01.217652 VMSetError: /build/virtualbox/src/VirtualBox-6.1.14/src/VBox/VMM/VMMR3/PDMDevice.cpp(336) int pdmR3DevInit(PVM); rc=VERR_SYMBOL_VALUE_TOO_BIG
00:00:01.217653 VMSetError: Failed to load ring-0 module 'VBoxEhciR0.r0' for device 'usb-ehci'
